# JRE version: Java(TM) SE Runtime Environment (8.0_202-b08) (build 1.8.0_202-b08)
# Java VM: Java HotSpot(TM) 64-Bit Server VM (25.202-b08 mixed mode windows-amd64 compressed oops)
Heap:
 PSYoungGen      total 37888K, used 17336K [0x00000000d6000000, 0x00000000d8a00000, 0x0000000100000000)
  eden space 32768K, 52% used [0x00000000d6000000,0x00000000d70ee298,0x00000000d8000000)
  from space 5120K, 0% used [0x00000000d8000000,0x00000000d8000000,0x00000000d8500000)
  to   space 5120K, 0% used [0x00000000d8500000,0x00000000d8500000,0x00000000d8a00000)
 ParOldGen       total 62976K, used 2772K [0x0000000082000000, 0x0000000085d80000, 0x00000000d6000000)
  object space 62976K, 4% used [0x0000000082000000,0x00000000822b5338,0x0000000085d80000)
 Metaspace       used 14461K, capacity 15188K, committed 15488K, reserved 1062912K
  class space    used 2149K, capacity 2303K, committed 2432K, reserved 1048576K
GC Heap History (4 events):
Event: 0.677 GC heap before
{Heap before GC invocations=1 (full 0):
 PSYoungGen      total 37888K, used 17158K [0x00000000d6000000, 0x00000000d8a00000, 0x0000000100000000)
  eden space 32768K, 52% used [0x00000000d6000000,0x00000000d70c19d0,0x00000000d8000000)
  from space 5120K, 0% used [0x00000000d8500000,0x00000000d8500000,0x00000000d8a00000)
  to   space 5120K, 0% used [0x00000000d8000000,0x00000000d8000000,0x00000000d8500000)
 ParOldGen       total 86016K, used 0K [0x0000000082000000, 0x0000000087400000, 0x00000000d6000000)
  object space 86016K, 0% used [0x0000000082000000,0x0000000082000000,0x0000000087400000)
 Metaspace       used 9110K, capacity 9428K, committed 9472K, reserved 1060864K
  class space    used 1133K, capacity 1238K, committed 1280K, reserved 1048576K
Event: 0.681 GC heap after
Heap after GC invocations=1 (full 0):
 PSYoungGen      total 37888K, used 2848K [0x00000000d6000000, 0x00000000d8a00000, 0x0000000100000000)
  eden space 32768K, 0% used [0x00000000d6000000,0x00000000d6000000,0x00000000d8000000)
  from space 5120K, 55% used [0x00000000d8000000,0x00000000d82c8030,0x00000000d8500000)
  to   space 5120K, 0% used [0x00000000d8500000,0x00000000d8500000,0x00000000d8a00000)
 ParOldGen       total 86016K, used 16K [0x0000000082000000, 0x0000000087400000, 0x00000000d6000000)
  object space 86016K, 0% used [0x0000000082000000,0x0000000082004000,0x0000000087400000)
 Metaspace       used 9110K, capacity 9428K, committed 9472K, reserved 1060864K
  class space    used 1133K, capacity 1238K, committed 1280K, reserved 1048576K
}
Event: 0.681 GC heap before
{Heap before GC invocations=2 (full 1):
 PSYoungGen      total 37888K, used 2848K [0x00000000d6000000, 0x00000000d8a00000, 0x0000000100000000)
  eden space 32768K, 0% used [0x00000000d6000000,0x00000000d6000000,0x00000000d8000000)
  from space 5120K, 55% used [0x00000000d8000000,0x00000000d82c8030,0x00000000d8500000)
  to   space 5120K, 0% used [0x00000000d8500000,0x00000000d8500000,0x00000000d8a00000)
 ParOldGen       total 86016K, used 16K [0x0000000082000000, 0x0000000087400000, 0x00000000d6000000)
  object space 86016K, 0% used [0x0000000082000000,0x0000000082004000,0x0000000087400000)
 Metaspace       used 9110K, capacity 9428K, committed 9472K, reserved 1060864K
  class space    used 1133K, capacity 1238K, committed 1280K, reserved 1048576K
Event: 0.698 GC heap after
Heap after GC invocations=2 (full 1):
 PSYoungGen      total 37888K, used 0K [0x00000000d6000000, 0x00000000d8a00000, 0x0000000100000000)
  eden space 32768K, 0% used [0x00000000d6000000,0x00000000d6000000,0x00000000d8000000)
  from space 5120K, 0% used [0x00000000d8000000,0x00000000d8000000,0x00000000d8500000)
  to   space 5120K, 0% used [0x00000000d8500000,0x00000000d8500000,0x00000000d8a00000)
 ParOldGen       total 62976K, used 2772K [0x0000000082000000, 0x0000000085d80000, 0x00000000d6000000)
  object space 62976K, 4% used [0x0000000082000000,0x00000000822b5338,0x0000000085d80000)
 Metaspace       used 9110K, capacity 9428K, committed 9472K, reserved 1058816K
  class space    used 1133K, capacity 1238K, committed 1280K, reserved 1048576K
}

